#
# An unexpected error has been detected by HotSpot Virtual Machine:
#
#  EXCEPTION_ACCESS_VIOLATION (0xc0000005) at pc=0x6d707914, pid=3884, tid=5536
#
# Java VM: Java HotSpot(TM) Client VM (1.5.0_04-b05 mixed mode)
# Problematic frame:
# V  [jvm.dll+0xc7914]
#

---------------  T H R E A D  ---------------

Current thread (0x00a34710):  VMThread [id=5536]

siginfo: ExceptionCode=0xc0000005, reading address 0xcaa80c70

Registers:
EAX=0x073282b0, EBX=0x00000000, ECX=0xcaa80c70, EDX=0x6d7670c0
ESP=0x0aabfa20, EBP=0x0aabfa5c, ESI=0x06a80290, EDI=0x6d7aa908
EIP=0x6d707914, EFLAGS=0x00010292

Top of Stack: (sp=0x0aabfa20)
0x0aabfa20:   073282b0 6d7078dd 6d7aa908 6d707b38
0x0aabfa30:   6d7aecb8 6d74853d 6d7aecb8 6d7aa908
0x0aabfa40:   0035f9a8 6d6ad4d8 6d7aa908 00000000
0x0aabfa50:   00000001 0035f9a8 00000000 0aabfac4
0x0aabfa60:   6d6ae722 00000001 00000000 00000001
0x0aabfa70:   00000002 6d7aa908 6d7aa908 00000001
0x0aabfa80:   0035f9a8 00000000 00000000 00000001
0x0aabfa90:   00000001 0aabfb1c 00000000 00000000 

Instructions: (pc=0x6d707914)
0x6d707904:   08 8b 08 8b 40 08 8b 04 88 50 8b 48 04 83 c1 08
0x6d707914:   8b 11 ff 52 58 eb de c3 e9 00 00 00 00 c7 05 04 


Stack: [0x0aa80000,0x0aac0000),  sp=0x0aabfa20,  free space=254k
Native frames: (J=compiled Java code, j=interpreted, Vv=VM code, C=native code)
V  [jvm.dll+0xc7914]
V  [jvm.dll+0x6e722]
V  [jvm.dll+0x6e4b9]
V  [jvm.dll+0x71afb]
V  [jvm.dll+0xffd2b]
V  [jvm.dll+0x6d2fa]
V  [jvm.dll+0x6d98a]
V  [jvm.dll+0x11a6ae]
V  [jvm.dll+0x11a185]
V  [jvm.dll+0x11a325]
V  [jvm.dll+0x11a0ba]
C  [MSVCRT.dll+0x2a3b0]
C  [kernel32.dll+0xb683]

VM_Operation (0x0b49fb90): full generation collection, mode: safepoint, requested by thread 0x0b070ef0


---------------  P R O C E S S  ---------------

Java Threads: ( => current thread )
  0x0adac858 JavaThread "Thread-5" daemon [_thread_in_native, id=4328]
  0x0b1b2880 JavaThread "RMI RenewClean-[152.2.128.61:3473]" daemon [_thread_blocked, id=4856]
  0x0b1cb8f0 JavaThread "TimerQueue" daemon [_thread_blocked, id=1116]
  0x0b200030 JavaThread "RMI RenewClean-[152.2.128.61:3465]" daemon [_thread_blocked, id=2924]
  0x00359098 JavaThread "DestroyJavaVM" [_thread_blocked, id=4312]
  0x0b1f1700 JavaThread "AWT-EventQueue-0" [_thread_blocked, id=2780]
  0x0b1c91d8 JavaThread "RMI LeaseChecker" daemon [_thread_blocked, id=2020]
  0x0b1835c0 JavaThread "Java2D Disposer" daemon [_thread_blocked, id=3756]
  0x0b1390e8 JavaThread "AWT-Windows" daemon [_thread_in_native, id=3760]
  0x0b138b80 JavaThread "AWT-Shutdown" [_thread_blocked, id=1228]
  0x0b070ef0 JavaThread "GC Daemon" daemon [_thread_blocked, id=1088]
  0x0b15e290 JavaThread "RMI Reaper" [_thread_blocked, id=5472]
  0x0b0a5780 JavaThread "Timer-0" daemon [_thread_blocked, id=4648]
  0x0ae8a800 JavaThread "RMI TCP Accept-0" daemon [_thread_in_native, id=5348]
  0x00a59790 JavaThread "Low Memory Detector" daemon [_thread_blocked, id=4628]
  0x00a57da0 JavaThread "CompilerThread0" daemon [_thread_blocked, id=4676]
  0x00a57188 JavaThread "Signal Dispatcher" daemon [_thread_blocked, id=4392]
  0x00a4af90 JavaThread "JDWP Command Reader" daemon [_thread_in_native, id=1128]
  0x00a49be0 JavaThread "JDWP Event Helper Thread" daemon [_thread_blocked, id=3456]
  0x00a483a8 JavaThread "JDWP Transport Listener: dt_socket" daemon [_thread_blocked, id=3540]
  0x00a39ce8 JavaThread "Finalizer" daemon [_thread_blocked, id=4740]
  0x00a38858 JavaThread "Reference Handler" daemon [_thread_blocked, id=4120]

Other Threads:
=>0x00a34710 VMThread [id=5536]
  0x00a429b8 WatcherThread [id=5368]

VM state:at safepoint (normal execution)

VM Mutex/Monitor currently owned by a thread:  ([mutex/lock_event])
[0x003586e8/0x00002f20] Threads_lock - owner thread: 0x00a34710
[0x00358868/0x00002ee4] Heap_lock - owner thread: 0x0b070ef0

Heap
 def new generation   total 576K, used 0K [0x02a80000, 0x02b20000, 0x02f60000)
  eden space 512K,   0% used [0x02a80000, 0x02a80000, 0x02b00000)
  from space 64K,   0% used [0x02b00000, 0x02b00000, 0x02b10000)
  to   space 64K,   0% used [0x02b10000, 0x02b10000, 0x02b20000)
 tenured generation   total 3004K, used 1723K [0x02f60000, 0x0324f000, 0x06a80000)
   the space 3004K,  57% used [0x02f60000, 0x0310ef80, 0x0310f000, 0x0324f000)
 compacting perm gen  total 9472K, used 9258K [0x06a80000, 0x073c0000, 0x0aa80000)
   the space 9472K,  97% used [0x06a80000, 0x0738a9e8, 0x0738aa00, 0x073c0000)
No shared spaces configured.

Dynamic libraries:
0x00400000 - 0x0040c000 	C:\Program Files\Java\jre1.5.0_04\bin\javaw.exe
0x7c900000 - 0x7c9b0000 	C:\WINDOWS\system32\ntdll.dll
0x7c800000 - 0x7c8f4000 	C:\WINDOWS\system32\kernel32.dll
0x77dd0000 - 0x77e6b000 	C:\WINDOWS\system32\ADVAPI32.dll
0x77e70000 - 0x77f01000 	C:\WINDOWS\system32\RPCRT4.dll
0x77d40000 - 0x77dd0000 	C:\WINDOWS\system32\USER32.dll
0x77f10000 - 0x77f57000 	C:\WINDOWS\system32\GDI32.dll
0x77c10000 - 0x77c68000 	C:\WINDOWS\system32\MSVCRT.dll
0x6d640000 - 0x6d7c9000 	C:\Program Files\Java\jre1.5.0_04\bin\client\jvm.dll
0x76b40000 - 0x76b6d000 	C:\WINDOWS\system32\WINMM.dll
0x6d280000 - 0x6d288000 	C:\Program Files\Java\jre1.5.0_04\bin\hpi.dll
0x76bf0000 - 0x76bfb000 	C:\WINDOWS\system32\PSAPI.DLL
0x6d380000 - 0x6d3b5000 	C:\Program Files\Java\jre1.5.0_04\bin\jdwp.dll
0x6d610000 - 0x6d61c000 	C:\Program Files\Java\jre1.5.0_04\bin\verify.dll
0x6d300000 - 0x6d31d000 	C:\Program Files\Java\jre1.5.0_04\bin\java.dll
0x6d630000 - 0x6d63f000 	C:\Program Files\Java\jre1.5.0_04\bin\zip.dll
0x6d220000 - 0x6d227000 	C:\Program Files\Java\jre1.5.0_04\bin\dt_socket.dll
0x71ab0000 - 0x71ac7000 	C:\WINDOWS\system32\WS2_32.dll
0x71aa0000 - 0x71aa8000 	C:\WINDOWS\system32\WS2HELP.dll
0x71a50000 - 0x71a8f000 	C:\WINDOWS\System32\mswsock.dll
0x76f20000 - 0x76f47000 	C:\WINDOWS\system32\DNSAPI.dll
0x76fb0000 - 0x76fb8000 	C:\WINDOWS\System32\winrnr.dll
0x76f60000 - 0x76f8c000 	C:\WINDOWS\system32\WLDAP32.dll
0x76fc0000 - 0x76fc6000 	C:\WINDOWS\system32\rasadhlp.dll
0x43000000 - 0x43006000 	C:\Program Files\Google\Google Desktop Search\GoogleDesktopNetwork1.dll
0x77fe0000 - 0x77ff1000 	C:\WINDOWS\system32\Secur32.dll
0x662b0000 - 0x66308000 	C:\WINDOWS\system32\hnetcfg.dll
0x71a90000 - 0x71a98000 	C:\WINDOWS\System32\wshtcpip.dll
0x6d4c0000 - 0x6d4d3000 	C:\Program Files\Java\jre1.5.0_04\bin\net.dll
0x6d000000 - 0x6d167000 	C:\Program Files\Java\jre1.5.0_04\bin\awt.dll
0x73000000 - 0x73026000 	C:\WINDOWS\system32\WINSPOOL.DRV
0x76390000 - 0x763ad000 	C:\WINDOWS\system32\IMM32.dll
0x774e0000 - 0x7761d000 	C:\WINDOWS\system32\ole32.dll
0x0ffd0000 - 0x0fff8000 	C:\WINDOWS\system32\rsaenh.dll
0x769c0000 - 0x76a73000 	C:\WINDOWS\system32\USERENV.dll
0x5b860000 - 0x5b8b4000 	C:\WINDOWS\system32\netapi32.dll
0x5ad70000 - 0x5ada8000 	C:\WINDOWS\system32\uxtheme.dll
0x73760000 - 0x737a9000 	C:\WINDOWS\system32\ddraw.dll
0x73bc0000 - 0x73bc6000 	C:\WINDOWS\system32\DCIMAN32.dll
0x73940000 - 0x73a10000 	C:\WINDOWS\system32\D3DIM700.DLL
0x74720000 - 0x7476b000 	C:\WINDOWS\system32\MSCTF.dll
0x7c9c0000 - 0x7d1d5000 	C:\WINDOWS\system32\shell32.dll
0x77f60000 - 0x77fd6000 	C:\WINDOWS\system32\SHLWAPI.dll
0x773d0000 - 0x774d2000 	C:\WINDOWS\WinSxS\x86_Microsoft.Windows.Common-Controls_6595b64144ccf1df_6.0.2600.2180_x-ww_a84f1ff9\comctl32.dll
0x5d090000 - 0x5d127000 	C:\WINDOWS\system32\comctl32.dll
0x6d240000 - 0x6d27d000 	C:\Program Files\Java\jre1.5.0_04\bin\fontmanager.dll
0x6d4e0000 - 0x6d4e9000 	C:\Program Files\Java\jre1.5.0_04\bin\nio.dll
0x6d5f0000 - 0x6d5f6000 	C:\Program Files\Java\jre1.5.0_04\bin\rmi.dll
0x67060000 - 0x67067000 	C:\Program Files\Groove Networks\Groove\Bin\GrooveHooks.DLL
0x68f40000 - 0x68fea000 	C:\Program Files\Groove Networks\Groove\Bin\GrooveUtil.DLL
0x771b0000 - 0x77256000 	C:\WINDOWS\system32\WININET.dll
0x77a80000 - 0x77b14000 	C:\WINDOWS\system32\CRYPT32.dll
0x77b20000 - 0x77b32000 	C:\WINDOWS\system32\MSASN1.dll
0x77120000 - 0x771ac000 	C:\WINDOWS\system32\OLEAUT32.dll
0x68e90000 - 0x68ee0000 	C:\Program Files\Groove Networks\Groove\Bin\ICUi18n.DLL
0x68ee0000 - 0x68f32000 	C:\Program Files\Groove Networks\Groove\Bin\ICUCommon.DLL
0x68ff0000 - 0x68ff8000 	C:\Program Files\Groove Networks\Groove\Bin\GrooveNew.DLL
0x7c340000 - 0x7c396000 	C:\Program Files\Groove Networks\Groove\Bin\MSVCR71.dll
0x7c120000 - 0x7c139000 	C:\Program Files\Groove Networks\Groove\Bin\ATL71.DLL
0x605d0000 - 0x605d9000 	C:\WINDOWS\system32\mslbui.dll

VM Arguments:
jvm_args: -Xverify:none -Djava.security.policy=java.policy -Djava.util.prefs.syncInterval=2000000 -Xdebug -Xnoagent -Xrunjdwp:transport=dt_socket,suspend=y,address=localhost:3458
java_command: edu.unc.sync.server.SyncServer --server_id A --rmi_port 1099 --ui --trace

Environment Variables:
JAVA_HOME=C:\Program Files\Java\jdk1.5.0_03
CLASSPATH=.;D:\dewan_backup\Java\colab\shapes;D:\dewan_backup\Java\colab\uigen;.\classes;C:\Apache\Tomcat5.5\webapps\axis\WEB-INF\lib\acm.jar;C:\Apache\Tomcat5.5\webapps\axis\WEB-INF\lib\activation.jar;C:\Apache\Tomcat5.5\webapps\axis\WEB-INF\lib\axis.jar;C:\Apache\Tomcat5.5\webapps\axis\WEB-INF\lib\axis-ant.jar;C:\Apache\Tomcat5.5\webapps\axis\WEB-INF\lib\commons-discovery.jar;C:\Apache\Tomcat5.5\webapps\axis\WEB-INF\lib\commons-logging.jar;C:\Apache\Tomcat5.5\webapps\axis\WEB-INF\lib\jaxrpc.jar;C:\Apache\Tomcat5.5\webapps\axis\WEB-INF\lib\log4j-1.2.8.jar;C:\Apache\Tomcat5.5\webapps\axis\WEB-INF\lib\mail.jar;C:\Apache\Tomcat5.5\webapps\axis\WEB-INF\lib\oe7.jar;C:\Apache\Tomcat5.5\webapps\axis\WEB-INF\lib\saaj.jar;C:\Apache\Tomcat5.5\webapps\axis\WEB-INF\lib\shapes2.jar;C:\Apache\Tomcat5.5\webapps\axis\WEB-INF\lib\wsdl4j.jar;C:\Apache\Tomcat5.5\webapps\axis\WEB-INF\lib\xpp3.jar;C:\Apache\Tomcat5.5\webapps\axis\WEB-INF\lib\xstream-1.0.2.jar;D:\dewan_backup\Java\lib\ibmjs\lib\ibmjs.jar;D:\dewan_backup\Java\Colab\speech-jaspi
PATH=C:\PROGRA~1\IBM\Rational\SDP\6.0\VoiceToolkit\WVS\ViaVoice\bin;C:\PROGRA~1\IBM\Rational\SDP\6.0\VoiceToolkit\engines\ViaVoice\bin;C:\PROGRA~1\IBM\Rational\SDP\6.0\VOICET~1\engines\IBM\ibmtts\bin;C:\PROGRA~1\IBM\Rational\SDP\6.0\VOICET~1\engines\IBM\ibmtts\lib;C:\WINDOWS\system32;C:\WINDOWS;C:\WINDOWS\System32\Wbem;C:\Program Files\ATI Technologies\ATI Control Panel;C:\MATLAB701\bin\win32;C:\Program Files\SecureCRT\;C:\Program Files\Common Files\Adaptec Shared\System;D:\j2sdk1.4.2_07\bin;C:\Program Files\IBM\Rational\SDP\6.0\eclipse\plugins\org.eclipse.swt.win32_3.0.1\os\win32\x86;D:\dewan_backup\Java\lib\ibmjs\lib;C:\Program Files\OpenAFS\Client\Program;C:\Program Files\OpenAFS\Common
USERNAME=dewan
OS=Windows_NT
PROCESSOR_IDENTIFIER=x86 Family 15 Model 4 Stepping 3, GenuineIntel



---------------  S Y S T E M  ---------------

OS: Windows XP Build 2600 Service Pack 2

CPU:total 2 family 15, cmov, cx8, fxsr, mmx, sse, sse2, ht

Memory: 4k page, physical 2095188k(477236k free), swap 4031764k(1211680k free)

vm_info: Java HotSpot(TM) Client VM (1.5.0_04-b05) for windows-x86, built on Jun  3 2005 02:10:41 by "java_re" with MS VC++ 6.0

