#
# An unexpected error has been detected by HotSpot Virtual Machine:
#
#  EXCEPTION_ACCESS_VIOLATION (0xc0000005) at pc=0x6d39a611, pid=1000, tid=2080
#
# Java VM: Java HotSpot(TM) Client VM (1.5.0_04-b05 mixed mode)
# Problematic frame:
# C  [jdwp.dll+0x1a611]
#

---------------  T H R E A D  ---------------

Current thread (0x00839d00):  JavaThread "JDWP Command Reader" daemon [_thread_in_native, id=2080]

siginfo: ExceptionCode=0xc0000005, reading address 0x00000000

Registers:
EAX=0x00000028, EBX=0xffffffff, ECX=0x00000000, EDX=0x00000000
ESP=0x0ad7fb08, EBP=0x0ad7fb10, ESI=0x000000ca, EDI=0x0ad7fb42
EIP=0x6d39a611, EFLAGS=0x00010206

Top of Stack: (sp=0x0ad7fb08)
0x0ad7fb08:   0ad7fb18 000000ca 0ad7fc28 6d22129b
0x0ad7fb18:   00000028 0ad7fc68 000000ca 00000004
0x0ad7fb28:   65746e49 70757272 20646574 636e7566
0x0ad7fb38:   6e6f6974 6c616320 0ad7006c 00000020
0x0ad7fb48:   71a544b0 0ad7fc68 0ac46078 00000000
0x0ad7fb58:   0ad7fbe4 00000001 00000000 00000020
0x0ad7fb68:   77c3a52e 0ac40000 c0000120 00000000
0x0ad7fb78:   00001434 00000000 00000000 01010000 

Instructions: (pc=0x6d39a611)
0x6d39a601:   5d c3 8b 0d a0 05 3b 6d 8d 55 08 56 52 8b 09 99
0x6d39a611:   8b 31 52 50 51 ff 96 b4 00 00 00 8b f0 85 f6 74 


Stack: [0x0ad40000,0x0ad80000),  sp=0x0ad7fb08,  free space=254k
Native frames: (J=compiled Java code, j=interpreted, Vv=VM code, C=native code)
C  [jdwp.dll+0x1a611]
C  [dt_socket.dll+0x129b]
C  [dt_socket.dll+0x1cf8]
C  [jdwp.dll+0x16e78]
V  [jvm.dll+0xbaa2f]
V  [jvm.dll+0x101489]
V  [jvm.dll+0x101457]
C  [MSVCRT.dll+0x2a3b0]
C  [kernel32.dll+0xb683]


---------------  P R O C E S S  ---------------

Java Threads: ( => current thread )
  0x008e9430 JavaThread "RMI RenewClean-[152.2.128.61:1818]" daemon [_thread_blocked, id=3188]
  0x008db9a0 JavaThread "TimerQueue" daemon [_thread_blocked, id=3936]
  0x008bdae0 JavaThread "DestroyJavaVM" [_thread_blocked, id=952]
  0x008b7ce0 JavaThread "AWT-EventQueue-0" [_thread_blocked, id=1776]
  0x008b6790 JavaThread "AWT-Shutdown" [_thread_blocked, id=2812]
  0x0089ec10 JavaThread "RMI LeaseChecker" daemon [_thread_blocked, id=1612]
  0x00879bc0 JavaThread "GC Daemon" daemon [_thread_blocked, id=2520]
  0x0085c6f0 JavaThread "RMI Reaper" [_thread_blocked, id=2120]
  0x00877900 JavaThread "Timer-0" daemon [_thread_blocked, id=2124]
  0x008766e0 JavaThread "RMI TCP Accept-0" daemon [_thread_in_native, id=1084]
  0x00864c60 JavaThread "Java2D Disposer" daemon [_thread_blocked, id=1728]
  0x00841610 JavaThread "Low Memory Detector" daemon [_thread_blocked, id=2116]
  0x0083f3b0 JavaThread "CompilerThread0" daemon [_thread_blocked, id=2148]
=>0x00839d00 JavaThread "JDWP Command Reader" daemon [_thread_in_native, id=2080]
  0x00837400 JavaThread "JDWP Event Helper Thread" daemon [_thread_in_native, id=2084]
  0x00836e70 JavaThread "JDWP Transport Listener: dt_socket" daemon [_thread_blocked, id=3688]
  0x0082e240 JavaThread "Finalizer" daemon [_thread_blocked, id=2076]
  0x0082ee80 JavaThread "Reference Handler" daemon [_thread_blocked, id=2072]

Other Threads:
  0x0082c1c0 VMThread [id=3864]

VM state:at safepoint (normal execution)

VM Mutex/Monitor currently owned by a thread:  ([mutex/lock_event])
[0x00824800/0x00001724] Threads_lock - owner thread: 0x0082c1c0

Heap
 def new generation   total 576K, used 16K [0x02b80000, 0x02c20000, 0x03060000)
  eden space 512K,   3% used [0x02b80000, 0x02b84168, 0x02c00000)
  from space 64K,   0% used [0x02c00000, 0x02c00000, 0x02c10000)
  to   space 64K,   0% used [0x02c10000, 0x02c10000, 0x02c20000)
 tenured generation   total 3416K, used 1898K [0x03060000, 0x033b6000, 0x06b80000)
   the space 3416K,  55% used [0x03060000, 0x0323aab8, 0x0323ac00, 0x033b6000)
 compacting perm gen  total 10752K, used 10739K [0x06b80000, 0x07600000, 0x0ab80000)
   the space 10752K,  99% used [0x06b80000, 0x075fcee0, 0x075fd000, 0x07600000)
No shared spaces configured.

Dynamic libraries:
0x00400000 - 0x0040c000 	C:\Program Files\Java\jre1.5.0_04\bin\javaw.exe
0x7c900000 - 0x7c9b0000 	C:\WINDOWS\system32\ntdll.dll
0x7c800000 - 0x7c8f4000 	C:\WINDOWS\system32\kernel32.dll
0x77dd0000 - 0x77e6b000 	C:\WINDOWS\system32\ADVAPI32.dll
0x77e70000 - 0x77f01000 	C:\WINDOWS\system32\RPCRT4.dll
0x7e410000 - 0x7e4a0000 	C:\WINDOWS\system32\USER32.dll
0x77f10000 - 0x77f57000 	C:\WINDOWS\system32\GDI32.dll
0x77c10000 - 0x77c68000 	C:\WINDOWS\system32\MSVCRT.dll
0x76390000 - 0x763ad000 	C:\WINDOWS\system32\IMM32.DLL
0x6d640000 - 0x6d7c9000 	C:\Program Files\Java\jre1.5.0_04\bin\client\jvm.dll
0x76b40000 - 0x76b6d000 	C:\WINDOWS\system32\WINMM.dll
0x6d280000 - 0x6d288000 	C:\Program Files\Java\jre1.5.0_04\bin\hpi.dll
0x76bf0000 - 0x76bfb000 	C:\WINDOWS\system32\PSAPI.DLL
0x6d380000 - 0x6d3b5000 	C:\Program Files\Java\jre1.5.0_04\bin\jdwp.dll
0x6d610000 - 0x6d61c000 	C:\Program Files\Java\jre1.5.0_04\bin\verify.dll
0x6d300000 - 0x6d31d000 	C:\Program Files\Java\jre1.5.0_04\bin\java.dll
0x6d630000 - 0x6d63f000 	C:\Program Files\Java\jre1.5.0_04\bin\zip.dll
0x6d220000 - 0x6d227000 	C:\Program Files\Java\jre1.5.0_04\bin\dt_socket.dll
0x71ab0000 - 0x71ac7000 	C:\WINDOWS\system32\WS2_32.dll
0x71aa0000 - 0x71aa8000 	C:\WINDOWS\system32\WS2HELP.dll
0x71a50000 - 0x71a8f000 	C:\WINDOWS\System32\mswsock.dll
0x76f20000 - 0x76f47000 	C:\WINDOWS\system32\DNSAPI.dll
0x76fb0000 - 0x76fb8000 	C:\WINDOWS\System32\winrnr.dll
0x76f60000 - 0x76f8c000 	C:\WINDOWS\system32\WLDAP32.dll
0x76fc0000 - 0x76fc6000 	C:\WINDOWS\system32\rasadhlp.dll
0x662b0000 - 0x66308000 	C:\WINDOWS\system32\hnetcfg.dll
0x71a90000 - 0x71a98000 	C:\WINDOWS\System32\wshtcpip.dll
0x6d4c0000 - 0x6d4d3000 	C:\Program Files\Java\jre1.5.0_04\bin\net.dll
0x6d000000 - 0x6d167000 	C:\Program Files\Java\jre1.5.0_04\bin\awt.dll
0x73000000 - 0x73026000 	C:\WINDOWS\system32\WINSPOOL.DRV
0x774e0000 - 0x7761d000 	C:\WINDOWS\system32\ole32.dll
0x5ad70000 - 0x5ada8000 	C:\WINDOWS\system32\uxtheme.dll
0x73760000 - 0x737a9000 	C:\WINDOWS\system32\ddraw.dll
0x73bc0000 - 0x73bc6000 	C:\WINDOWS\system32\DCIMAN32.dll
0x73940000 - 0x73a10000 	C:\WINDOWS\system32\D3DIM700.DLL
0x6d240000 - 0x6d27d000 	C:\Program Files\Java\jre1.5.0_04\bin\fontmanager.dll
0x74720000 - 0x7476b000 	C:\WINDOWS\system32\MSCTF.dll
0x755c0000 - 0x755ee000 	C:\WINDOWS\system32\msctfime.ime
0x0ffd0000 - 0x0fff8000 	C:\WINDOWS\system32\rsaenh.dll
0x769c0000 - 0x76a73000 	C:\WINDOWS\system32\USERENV.dll
0x5b860000 - 0x5b8b4000 	C:\WINDOWS\system32\netapi32.dll
0x7c9c0000 - 0x7d1d5000 	C:\WINDOWS\system32\shell32.dll
0x77f60000 - 0x77fd6000 	C:\WINDOWS\system32\SHLWAPI.dll
0x773d0000 - 0x774d3000 	C:\WINDOWS\WinSxS\x86_Microsoft.Windows.Common-Controls_6595b64144ccf1df_6.0.2600.2982_x-ww_ac3f9c03\comctl32.dll
0x5d090000 - 0x5d12a000 	C:\WINDOWS\system32\comctl32.dll
0x6d4e0000 - 0x6d4e9000 	C:\Program Files\Java\jre1.5.0_04\bin\nio.dll
0x6d5f0000 - 0x6d5f6000 	C:\Program Files\Java\jre1.5.0_04\bin\rmi.dll

VM Arguments:
jvm_args: -Xverify:none -Djava.security.policy=java.policy -Djava.util.prefs.syncInterval=2000000 -Xdebug -Xnoagent -Xrunjdwp:transport=dt_socket,suspend=y,address=localhost:1318
java_command: edu.unc.sync.server.SyncServer --server_id A --rmi_port 1099 --ui --trace

Environment Variables:
JAVA_HOME=C:\Program Files\Java\jdk1.5.0_03
CLASSPATH=.;D:\dewan_backup\Java\colab\shapes;D:\dewan_backup\Java\colab\uigen;.\classes;C:\Apache\Tomcat5.5\webapps\axis\WEB-INF\lib\acm.jar;C:\Apache\Tomcat5.5\webapps\axis\WEB-INF\lib\activation.jar;C:\Apache\Tomcat5.5\webapps\axis\WEB-INF\lib\axis.jar;C:\Apache\Tomcat5.5\webapps\axis\WEB-INF\lib\axis-ant.jar;C:\Apache\Tomcat5.5\webapps\axis\WEB-INF\lib\commons-discovery.jar;C:\Apache\Tomcat5.5\webapps\axis\WEB-INF\lib\commons-logging.jar;C:\Apache\Tomcat5.5\webapps\axis\WEB-INF\lib\jaxrpc.jar;C:\Apache\Tomcat5.5\webapps\axis\WEB-INF\lib\log4j-1.2.8.jar;C:\Apache\Tomcat5.5\webapps\axis\WEB-INF\lib\mail.jar;C:\Apache\Tomcat5.5\webapps\axis\WEB-INF\lib\oe7.jar;C:\Apache\Tomcat5.5\webapps\axis\WEB-INF\lib\saaj.jar;C:\Apache\Tomcat5.5\webapps\axis\WEB-INF\lib\shapes2.jar;C:\Apache\Tomcat5.5\webapps\axis\WEB-INF\lib\wsdl4j.jar;C:\Apache\Tomcat5.5\webapps\axis\WEB-INF\lib\xpp3.jar;C:\Apache\Tomcat5.5\webapps\axis\WEB-INF\lib\xstream-1.0.2.jar;D:\dewan_backup\Java\lib\ibmjs\lib\ibmjs.jar;D:\dewan_backup\Java\Colab\speech-jaspi
PATH=C:\PROGRA~1\IBM\Rational\SDP\6.0\VoiceToolkit\WVS\ViaVoice\bin;C:\PROGRA~1\IBM\Rational\SDP\6.0\VoiceToolkit\engines\ViaVoice\bin;C:\PROGRA~1\IBM\Rational\SDP\6.0\VOICET~1\engines\IBM\ibmtts\bin;C:\PROGRA~1\IBM\Rational\SDP\6.0\VOICET~1\engines\IBM\ibmtts\lib;C:\WINDOWS\system32;C:\WINDOWS;C:\WINDOWS\System32\Wbem;C:\Program Files\ATI Technologies\ATI Control Panel;C:\MATLAB701\bin\win32;C:\Program Files\SecureCRT\;C:\Program Files\Common Files\Adaptec Shared\System;D:\j2sdk1.4.2_07\bin;C:\Program Files\IBM\Rational\SDP\6.0\eclipse\plugins\org.eclipse.swt.win32_3.0.1\os\win32\x86;D:\dewan_backup\Java\lib\ibmjs\lib;C:\Program Files\OpenAFS\Client\Program;C:\Program Files\OpenAFS\Common;D:\Program Files\eclipse\plugins\org.eclipse.swt.win32_3.0.0\os\win32\x86
USERNAME=dewan
OS=Windows_NT
PROCESSOR_IDENTIFIER=x86 Family 15 Model 4 Stepping 3, GenuineIntel



---------------  S Y S T E M  ---------------

OS: Windows XP Build 2600 Service Pack 2

CPU:total 2 family 15, cmov, cx8, fxsr, mmx, sse, sse2, ht

Memory: 4k page, physical 2095188k(1321436k free), swap 4031752k(3468040k free)

vm_info: Java HotSpot(TM) Client VM (1.5.0_04-b05) for windows-x86, built on Jun  3 2005 02:10:41 by "java_re" with MS VC++ 6.0

